30-10-2020  09:52:12 la imagen D:\Theeye\desktop\images\fechadesde.bmp no encontro el elemento para hacer click 
30-10-2020  09:54:41 la imagen D:\Theeye\desktop\images\fechadesde.bmp no encontro el elemento para hacer click 
30-10-2020  09:59:27 la imagen D:\Theeye\desktop\images\fechadesde.bmp no encontro el elemento para hacer click 
30-10-2020  10:03:12 la imagen D:\Theeye\desktop\images\fechadesde.bmp no encontro el elemento para hacer click 
30-10-2020  10:25:34 la imagen D:\Theeye\desktop\images\solargentina.bmp no encontro el elemento para hacer click 
02-11-2020  11:11:07 la imagen D:\Theeye\desktop\images\solargentina.bmp no encontro el elemento para hacer click 
02-11-2020  11:30:34 la imagen D:\Theeye\desktop\images\solargentina.bmp no encontro el elemento para hacer click 
02-11-2020  11:33:05 la imagen D:\Theeye\desktop\images\solargentina.bmp no encontro el elemento para hacer click 
02-11-2020  11:35:20 la imagen D:\Theeye\desktop\images\fechadesde.bmp no encontro el elemento para hacer click 
02-11-2020  13:58:45 la imagen D:\Theeye\desktop\images\fechadesde.bmp no encontro el elemento para hacer click 
02-11-2020  14:18:36 la imagen D:\Theeye\desktop\images\solargentina.bmp no encontro el elemento para hacer click 
03-11-2020  10:25:37 la imagen D:\Theeye\desktop\images\fechadesde.bmp no encontro el elemento para hacer click 
03-11-2020  11:17:36 la imagen D:\Theeye\desktop\images\solargentina.bmp no encontro el elemento para hacer click 
03-11-2020  11:26:07 la imagen D:\Theeye\desktop\images\solargentina.bmp no encontro el elemento para hacer click 
03-11-2020  12:35:06 la imagen D:\Theeye\desktop\images\solargentina.bmp no encontro el elemento para hacer click 
03-11-2020  12:36:06 la imagen D:\Theeye\desktop\images\solargentina.bmp no encontro el elemento para hacer click 
03-11-2020  12:37:06 la imagen D:\Theeye\desktop\images\solargentina.bmp no encontro el elemento para hacer click 
03-11-2020  12:41:07 la imagen D:\Theeye\desktop\images\fechadesde.bmp no encontro el elemento para hacer click 
03-11-2020  12:46:37 la imagen D:\Theeye\desktop\images\fechadesde.bmp no encontro el elemento para hacer click 
03-11-2020  12:47:52 la imagen D:\Theeye\desktop\images\fechadesde.bmp no encontro el elemento para hacer click 
03-11-2020  12:49:07 la imagen D:\Theeye\desktop\images\fechadesde.bmp no encontro el elemento para hacer click 
03-11-2020  12:50:22 la imagen D:\Theeye\desktop\images\fechadesde.bmp no encontro el elemento para hacer click 
03-11-2020  12:51:37 la imagen D:\Theeye\desktop\images\fechadesde.bmp no encontro el elemento para hacer click 
03-11-2020  13:24:40 la imagen D:\Theeye\desktop\images\fechadesde.bmp no encontro el elemento para hacer click 
03-11-2020  13:28:02 la imagen D:\Theeye\desktop\images\fechadesde.bmp no encontro el elemento para hacer click 
03-11-2020  13:41:59 la imagen D:\Theeye\desktop\images\descargaexcel1.bmp no encontro el elemento para hacer click 
03-11-2020  13:56:35 la imagen D:\Theeye\desktop\images\fechadesde.bmp no encontro el elemento para hacer click 
03-11-2020  13:57:35 la imagen D:\Theeye\desktop\images\fechadesde.bmp no encontro el elemento para hacer click 
03-11-2020  13:58:35 la imagen D:\Theeye\desktop\images\fechadesde.bmp no encontro el elemento para hacer click 
03-11-2020  14:07:05 la imagen D:\Theeye\desktop\images\descargaexcel1.bmp no encontro el elemento para hacer click 
03-11-2020  14:18:51 la imagen D:\Theeye\desktop\images\fechadesde.bmp no encontro el elemento para hacer click 
03-11-2020  14:19:51 la imagen D:\Theeye\desktop\images\descargaexcel1.bmp no encontro el elemento para hacer click 
03-11-2020  14:21:06 la imagen D:\Theeye\desktop\images\solargentina.bmp no encontro el elemento para hacer click 
04-11-2020  09:46:07 la imagen D:\Theeye\desktop\images\fechadesde.bmp no encontro el elemento para hacer click 
04-11-2020  15:28:55 no se logro encontrar el archivo 
04-11-2020  15:29:15 no se logro encontrar el archivo 
09-11-2020  09:53:08 la imagen D:\Theeye\desktop\images\descargaexcel1.bmp no encontro el elemento para hacer click 
09-11-2020  11:19:13 la imagen D:\Theeye\desktop\images\procesadoPagosCorrectamente.bmp no encontro el elemento para hacer click 
09-11-2020  11:50:34 la imagen D:\Theeye\desktop\images\procesadoPagosCorrectamente.bmp no encontro el elemento para hacer click 
09-11-2020  13:27:46 la imagen D:\Theeye\desktop\images\procesadoPagosCorrectamente.bmp no encontro el elemento para hacer click 
11-11-2020  12:50:47 la imagen D:\Theeye\desktop\images\grabacionExitosa.bmp no encontro el elemento para hacer click 
11-11-2020  12:50:47 la imagen D:\Theeye\desktop\images\procesadoPagosCorrectamente.bmp no encontro el elemento para hacer click 
11-11-2020  12:50:47 la imagen D:\Theeye\desktop\images\grabacionExitosa.bmp no encontro el elemento para hacer click 
11-11-2020  12:50:47 la imagen D:\Theeye\desktop\images\procesadoPagosCorrectamente.bmp no encontro el elemento para hacer click 
11-11-2020  12:50:47 la imagen D:\Theeye\desktop\images\grabacionExitosa.bmp no encontro el elemento para hacer click 
11-11-2020  12:50:47 la imagen D:\Theeye\desktop\images\procesadoPagosCorrectamente.bmp no encontro el elemento para hacer click 
